<?xml version="1.0" encoding="UTF-8"?>
<!-- Generated by org.testng.reporters.JUnitXMLReporter -->
<testsuite ignored="0" hostname="Dayli-PC" failures="0" tests="3" name="E2E Payment Test" time="4.637" errors="0" timestamp="2026-01-08T18:25:30 CET">
  <testcase classname="com.paypilot.qa.basetest.BaseTest" name="@BeforeClass setup" time="3.717">
    <failure type="java.lang.RuntimeException" message="Fallo al configurar el driver de Appium">
      <![CDATA[java.lang.RuntimeException: Fallo al configurar el driver de Appium
at com.paypilot.qa.basetest.BaseTest.setup(BaseTest.java:54)
at java.base/java.util.ArrayList.forEach(ArrayList.java:1511)
Caused by: org.openqa.selenium.SessionNotCreatedException: Could not start a new session. Response code 500. Message: The application at 'D:\QA\paypilot-mobile-tests\apps/PayUDemo.apk' does not exist or is not accessible 
Host info: host: 'DAYLI-PC', ip: '192.168.1.131'
Build info: version: '4.39.0', revision: '126f156aee'
System info: os.name: 'Windows 11', os.arch: 'amd64', os.version: '10.0', java.version: '17.0.17'
Driver info: io.appium.java_client.android.AndroidDriver
Command: [null, newSession {capabilities=[Capabilities {appium:app: D:\QA\paypilot-mobile-tests..., appium:automationName: UiAutomator2, appium:udid: emulator-5554, platformName: ANDROID}]}]
Capabilities {appium:app: D:\QA\paypilot-mobile-tests..., appium:automationName: UiAutomator2, appium:udid: emulator-5554, platformName: ANDROID}
at org.openqa.selenium.remote.ProtocolHandshake.createSession(ProtocolHandshake.java:114)
at org.openqa.selenium.remote.ProtocolHandshake.createSession(ProtocolHandshake.java:75)
at org.openqa.selenium.remote.ProtocolHandshake.createSession(ProtocolHandshake.java:61)
at io.appium.java_client.remote.AppiumCommandExecutor.createSession(AppiumCommandExecutor.java:178)
at io.appium.java_client.remote.AppiumCommandExecutor.execute(AppiumCommandExecutor.java:243)
at org.openqa.selenium.remote.RemoteWebDriver.execute(RemoteWebDriver.java:561)
at io.appium.java_client.AppiumDriver.startSession(AppiumDriver.java:308)
at org.openqa.selenium.remote.RemoteWebDriver.<init>(RemoteWebDriver.java:178)
at io.appium.java_client.AppiumDriver.<init>(AppiumDriver.java:98)
at io.appium.java_client.AppiumDriver.<init>(AppiumDriver.java:109)
at io.appium.java_client.android.AndroidDriver.<init>(AndroidDriver.java:108)
at com.paypilot.qa.basetest.BaseTest.setup(BaseTest.java:45)
... 30 more
... Removed 29 stack frames]]>
    </failure>
  </testcase> <!-- @BeforeClass setup -->
  <testcase classname="com.paypilot.qa.basetest.BaseTest" name="@AfterMethod resetAppToMainMenu" time="0.0">
    <skipped/>
  </testcase> <!-- @AfterMethod resetAppToMainMenu -->
  <testcase classname="com.paypilot.qa.basetest.BaseTest" name="@AfterMethod resetAppToMainMenu" time="0.0">
    <skipped/>
  </testcase> <!-- @AfterMethod resetAppToMainMenu -->
  <testcase classname="com.paypilot.qa.basetest.BaseTest" name="@AfterMethod resetAppToMainMenu" time="0.0">
    <skipped/>
  </testcase> <!-- @AfterMethod resetAppToMainMenu -->
  <testcase classname="com.paypilot.qa.basetest.BaseTest" name="@AfterClass teardown" time="0.0">
    <skipped/>
  </testcase> <!-- @AfterClass teardown -->
  <testcase classname="com.paypilot.qa.tests.PaymentTest" name="performE2EPaymentTest" time="0.0">
    <skipped/>
  </testcase> <!-- performE2EPaymentTest -->
  <testcase classname="com.paypilot.qa.tests.PaymentTest" name="testEmptyFields" time="0.0">
    <skipped/>
  </testcase> <!-- testEmptyFields -->
  <testcase classname="com.paypilot.qa.tests.PaymentTest" name="testInvalidEmailFormat" time="0.0">
    <skipped/>
  </testcase> <!-- testInvalidEmailFormat -->
</testsuite> <!-- E2E Payment Test -->
