<?xml version="1.0" encoding="UTF-8"?>
<!-- Generated by org.testng.reporters.JUnitXMLReporter -->
<testsuite ignored="0" hostname="Dayli-PC" failures="1" tests="3" name="E2E Payment Test" time="103.566" errors="0" timestamp="2026-01-09T17:48:47 CET">
  <testcase classname="com.paypilot.qa.tests.PaymentTest" name="performE2EPaymentTest" time="17.423">
    <failure type="java.lang.AssertionError" message="FALLO DE HAPPY PATH: La pasarela de pago no se mostró. Causa probable: El bug de la apps que muestra un error de conexión o de hash. expected [true] but found [false]">
      <![CDATA[java.lang.AssertionError: FALLO DE HAPPY PATH: La pasarela de pago no se mostró. Causa probable: El bug de la apps que muestra un error de conexión o de hash. expected [true] but found [false]
at com.paypilot.qa.tests.PaymentTest.performE2EPaymentTest(PaymentTest.java:37)
at java.base/java.util.ArrayList.forEach(ArrayList.java:1511)
... Removed 34 stack frames]]>
    </failure>
  </testcase> <!-- performE2EPaymentTest -->
  <testcase classname="com.paypilot.qa.tests.PaymentTest" name="testEmptyFields" time="15.797"/>
  <testcase classname="com.paypilot.qa.tests.PaymentTest" name="testInvalidEmailFormat" time="17.132"/>
</testsuite> <!-- E2E Payment Test -->
