<!DOCTYPE html PUBLIC "-//W3C//DTD XHTML 1.1//EN" "https://www.w3.org/TR/xhtml11/DTD/xhtml11.dtd">
<html xmlns="https://www.w3.org/1999/xhtml">
<head>
<meta http-equiv="content-type" content="text/html; charset=UTF-8"/>
<title>TestNG Report</title>
<style type="text/css">table {margin-bottom:10px;border-collapse:collapse;empty-cells:show}th,td {border:1px solid #009;padding:.25em .5em}th {vertical-align:bottom}td {vertical-align:top}table a {font-weight:bold}.stripe td {background-color: #E6EBF9}.num {text-align:right}.passedodd td {background-color: #3F3}.passedeven td {background-color: #0A0}.skippedodd td {background-color: #DDD}.skippedeven td {background-color: #CCC}.failedodd td,.attn {background-color: #F33}.failedeven td,.stripe .attn {background-color: #D00}.stacktrace {white-space:pre;font-family:monospace}.totop {font-size:85%;text-align:center;border-bottom:2px solid #000}.invisible {display:none}</style>
</head>
<body>
<table>
<tr><th>Test</th><th># Passed</th><th># Skipped</th><th># Retried</th><th># Failed</th><th>Time (ms)</th><th>Included Groups</th><th>Excluded Groups</th></tr>
<tr><th colspan="8">PayPilot Mobile Test Suite</th></tr>
<tr><td><a href="#t0">E2E Payment Test</a></td><td class="num">0</td><td class="num attn">3</td><td class="num">0</td><td class="num">0</td><td class="num">4,637</td><td></td><td></td></tr>
</table>
<table id='summary'><thead><tr><th>Class</th><th>Method</th><th>Start</th><th>Time (ms)</th></tr></thead><tbody><tr><th colspan="4">PayPilot Mobile Test Suite</th></tr></tbody><tbody id="t0"><tr><th colspan="4">E2E Payment Test &#8212; failed (configuration methods)</th></tr><tr class="failedeven"><td rowspan="1">com.paypilot.qa.tests.PaymentTest</td><td><a href="#m0">setup</a></td><td rowspan="1">1767893125575</td><td rowspan="1">3717</td></tr><tr><th colspan="4">E2E Payment Test &#8212; skipped (configuration methods)</th></tr><tr class="skippedeven"><td rowspan="4">com.paypilot.qa.tests.PaymentTest</td><td><a href="#m1">resetAppToMainMenu</a></td><td rowspan="3">1767893129518</td><td rowspan="3">0</td></tr><tr class="skippedeven"><td><a href="#m2">resetAppToMainMenu</a></td></tr><tr class="skippedeven"><td><a href="#m3">resetAppToMainMenu</a></td></tr><tr class="skippedeven"><td><a href="#m4">teardown</a></td><td rowspan="1">1767893129561</td><td rowspan="1">0</td></tr><tr><th colspan="4">E2E Payment Test &#8212; skipped</th></tr><tr class="skippedeven"><td rowspan="3">com.paypilot.qa.tests.PaymentTest</td><td><a href="#m5">performE2EPaymentTest</a></td><td rowspan="1">1767893129334</td><td rowspan="1">0</td></tr><tr class="skippedeven"><td><a href="#m6">testEmptyFields</a></td><td rowspan="1">1767893129408</td><td rowspan="1">0</td></tr><tr class="skippedeven"><td><a href="#m7">testInvalidEmailFormat</a></td><td rowspan="1">1767893129540</td><td rowspan="1">0</td></tr></tbody>
</table>
<h2>E2E Payment Test</h2><h3 id="m0">com.paypilot.qa.tests.PaymentTest#setup</h3><table class="result"><tr><th>Exception</th></tr><tr><td><div class="stacktrace">java.lang.RuntimeException: Fallo al configurar el driver de Appium
	at com.paypilot.qa.basetest.BaseTest.setup(BaseTest.java:54)
	at java.base/java.util.ArrayList.forEach(ArrayList.java:1511)
Caused by: org.openqa.selenium.SessionNotCreatedException: Could not start a new session. Response code 500. Message: The application at &apos;D:\QA\paypilot-mobile-tests\apps/PayUDemo.apk&apos; does not exist or is not accessible 
Host info: host: &apos;DAYLI-PC&apos;, ip: &apos;192.168.1.131&apos;
Build info: version: &apos;4.39.0&apos;, revision: &apos;126f156aee&apos;
System info: os.name: &apos;Windows 11&apos;, os.arch: &apos;amd64&apos;, os.version: &apos;10.0&apos;, java.version: &apos;17.0.17&apos;
Driver info: io.appium.java_client.android.AndroidDriver
Command: [null, newSession {capabilities=[Capabilities {appium:app: D:\QA\paypilot-mobile-tests..., appium:automationName: UiAutomator2, appium:udid: emulator-5554, platformName: ANDROID}]}]
Capabilities {appium:app: D:\QA\paypilot-mobile-tests..., appium:automationName: UiAutomator2, appium:udid: emulator-5554, platformName: ANDROID}
	at org.openqa.selenium.remote.ProtocolHandshake.createSession(ProtocolHandshake.java:114)
	at org.openqa.selenium.remote.ProtocolHandshake.createSession(ProtocolHandshake.java:75)
	at org.openqa.selenium.remote.ProtocolHandshake.createSession(ProtocolHandshake.java:61)
	at io.appium.java_client.remote.AppiumCommandExecutor.createSession(AppiumCommandExecutor.java:178)
	at io.appium.java_client.remote.AppiumCommandExecutor.execute(AppiumCommandExecutor.java:243)
	at org.openqa.selenium.remote.RemoteWebDriver.execute(RemoteWebDriver.java:561)
	at io.appium.java_client.AppiumDriver.startSession(AppiumDriver.java:308)
	at org.openqa.selenium.remote.RemoteWebDriver.&lt;init&gt;(RemoteWebDriver.java:178)
	at io.appium.java_client.AppiumDriver.&lt;init&gt;(AppiumDriver.java:98)
	at io.appium.java_client.AppiumDriver.&lt;init&gt;(AppiumDriver.java:109)
	at io.appium.java_client.android.AndroidDriver.&lt;init&gt;(AndroidDriver.java:108)
	at com.paypilot.qa.basetest.BaseTest.setup(BaseTest.java:45)
	... 30 more
... Removed 29 stack frames</div></td></tr></table><p class="totop"><a href="#summary">back to summary</a></p>
<h3 id="m1">com.paypilot.qa.tests.PaymentTest#resetAppToMainMenu</h3><table class="result"><tr><th class="invisible"/></tr></table><p class="totop"><a href="#summary">back to summary</a></p>
<h3 id="m2">com.paypilot.qa.tests.PaymentTest#resetAppToMainMenu</h3><table class="result"><tr><th class="invisible"/></tr></table><p class="totop"><a href="#summary">back to summary</a></p>
<h3 id="m3">com.paypilot.qa.tests.PaymentTest#resetAppToMainMenu</h3><table class="result"><tr><th class="invisible"/></tr></table><p class="totop"><a href="#summary">back to summary</a></p>
<h3 id="m4">com.paypilot.qa.tests.PaymentTest#teardown</h3><table class="result"><tr><th class="invisible"/></tr></table><p class="totop"><a href="#summary">back to summary</a></p>
<h3 id="m5">com.paypilot.qa.tests.PaymentTest#performE2EPaymentTest</h3><table class="result"><tr><th>Exception</th></tr><tr><td><div class="stacktrace">java.lang.RuntimeException: Fallo al configurar el driver de Appium
	at com.paypilot.qa.basetest.BaseTest.setup(BaseTest.java:54)
	at java.base/java.util.ArrayList.forEach(ArrayList.java:1511)
Caused by: org.openqa.selenium.SessionNotCreatedException: Could not start a new session. Response code 500. Message: The application at &apos;D:\QA\paypilot-mobile-tests\apps/PayUDemo.apk&apos; does not exist or is not accessible 
Host info: host: &apos;DAYLI-PC&apos;, ip: &apos;192.168.1.131&apos;
Build info: version: &apos;4.39.0&apos;, revision: &apos;126f156aee&apos;
System info: os.name: &apos;Windows 11&apos;, os.arch: &apos;amd64&apos;, os.version: &apos;10.0&apos;, java.version: &apos;17.0.17&apos;
Driver info: io.appium.java_client.android.AndroidDriver
Command: [null, newSession {capabilities=[Capabilities {appium:app: D:\QA\paypilot-mobile-tests..., appium:automationName: UiAutomator2, appium:udid: emulator-5554, platformName: ANDROID}]}]
Capabilities {appium:app: D:\QA\paypilot-mobile-tests..., appium:automationName: UiAutomator2, appium:udid: emulator-5554, platformName: ANDROID}
	at org.openqa.selenium.remote.ProtocolHandshake.createSession(ProtocolHandshake.java:114)
	at org.openqa.selenium.remote.ProtocolHandshake.createSession(ProtocolHandshake.java:75)
	at org.openqa.selenium.remote.ProtocolHandshake.createSession(ProtocolHandshake.java:61)
	at io.appium.java_client.remote.AppiumCommandExecutor.createSession(AppiumCommandExecutor.java:178)
	at io.appium.java_client.remote.AppiumCommandExecutor.execute(AppiumCommandExecutor.java:243)
	at org.openqa.selenium.remote.RemoteWebDriver.execute(RemoteWebDriver.java:561)
	at io.appium.java_client.AppiumDriver.startSession(AppiumDriver.java:308)
	at org.openqa.selenium.remote.RemoteWebDriver.&lt;init&gt;(RemoteWebDriver.java:178)
	at io.appium.java_client.AppiumDriver.&lt;init&gt;(AppiumDriver.java:98)
	at io.appium.java_client.AppiumDriver.&lt;init&gt;(AppiumDriver.java:109)
	at io.appium.java_client.android.AndroidDriver.&lt;init&gt;(AndroidDriver.java:108)
	at com.paypilot.qa.basetest.BaseTest.setup(BaseTest.java:45)
	... 30 more
... Removed 29 stack frames</div></td></tr></table><p class="totop"><a href="#summary">back to summary</a></p>
<h3 id="m6">com.paypilot.qa.tests.PaymentTest#testEmptyFields</h3><table class="result"><tr><th>Exception</th></tr><tr><td><div class="stacktrace">java.lang.RuntimeException: Fallo al configurar el driver de Appium
	at com.paypilot.qa.basetest.BaseTest.setup(BaseTest.java:54)
	at java.base/java.util.ArrayList.forEach(ArrayList.java:1511)
Caused by: org.openqa.selenium.SessionNotCreatedException: Could not start a new session. Response code 500. Message: The application at &apos;D:\QA\paypilot-mobile-tests\apps/PayUDemo.apk&apos; does not exist or is not accessible 
Host info: host: &apos;DAYLI-PC&apos;, ip: &apos;192.168.1.131&apos;
Build info: version: &apos;4.39.0&apos;, revision: &apos;126f156aee&apos;
System info: os.name: &apos;Windows 11&apos;, os.arch: &apos;amd64&apos;, os.version: &apos;10.0&apos;, java.version: &apos;17.0.17&apos;
Driver info: io.appium.java_client.android.AndroidDriver
Command: [null, newSession {capabilities=[Capabilities {appium:app: D:\QA\paypilot-mobile-tests..., appium:automationName: UiAutomator2, appium:udid: emulator-5554, platformName: ANDROID}]}]
Capabilities {appium:app: D:\QA\paypilot-mobile-tests..., appium:automationName: UiAutomator2, appium:udid: emulator-5554, platformName: ANDROID}
	at org.openqa.selenium.remote.ProtocolHandshake.createSession(ProtocolHandshake.java:114)
	at org.openqa.selenium.remote.ProtocolHandshake.createSession(ProtocolHandshake.java:75)
	at org.openqa.selenium.remote.ProtocolHandshake.createSession(ProtocolHandshake.java:61)
	at io.appium.java_client.remote.AppiumCommandExecutor.createSession(AppiumCommandExecutor.java:178)
	at io.appium.java_client.remote.AppiumCommandExecutor.execute(AppiumCommandExecutor.java:243)
	at org.openqa.selenium.remote.RemoteWebDriver.execute(RemoteWebDriver.java:561)
	at io.appium.java_client.AppiumDriver.startSession(AppiumDriver.java:308)
	at org.openqa.selenium.remote.RemoteWebDriver.&lt;init&gt;(RemoteWebDriver.java:178)
	at io.appium.java_client.AppiumDriver.&lt;init&gt;(AppiumDriver.java:98)
	at io.appium.java_client.AppiumDriver.&lt;init&gt;(AppiumDriver.java:109)
	at io.appium.java_client.android.AndroidDriver.&lt;init&gt;(AndroidDriver.java:108)
	at com.paypilot.qa.basetest.BaseTest.setup(BaseTest.java:45)
	... 30 more
... Removed 29 stack frames</div></td></tr></table><p class="totop"><a href="#summary">back to summary</a></p>
<h3 id="m7">com.paypilot.qa.tests.PaymentTest#testInvalidEmailFormat</h3><table class="result"><tr><th>Exception</th></tr><tr><td><div class="stacktrace">java.lang.RuntimeException: Fallo al configurar el driver de Appium
	at com.paypilot.qa.basetest.BaseTest.setup(BaseTest.java:54)
	at java.base/java.util.ArrayList.forEach(ArrayList.java:1511)
Caused by: org.openqa.selenium.SessionNotCreatedException: Could not start a new session. Response code 500. Message: The application at &apos;D:\QA\paypilot-mobile-tests\apps/PayUDemo.apk&apos; does not exist or is not accessible 
Host info: host: &apos;DAYLI-PC&apos;, ip: &apos;192.168.1.131&apos;
Build info: version: &apos;4.39.0&apos;, revision: &apos;126f156aee&apos;
System info: os.name: &apos;Windows 11&apos;, os.arch: &apos;amd64&apos;, os.version: &apos;10.0&apos;, java.version: &apos;17.0.17&apos;
Driver info: io.appium.java_client.android.AndroidDriver
Command: [null, newSession {capabilities=[Capabilities {appium:app: D:\QA\paypilot-mobile-tests..., appium:automationName: UiAutomator2, appium:udid: emulator-5554, platformName: ANDROID}]}]
Capabilities {appium:app: D:\QA\paypilot-mobile-tests..., appium:automationName: UiAutomator2, appium:udid: emulator-5554, platformName: ANDROID}
	at org.openqa.selenium.remote.ProtocolHandshake.createSession(ProtocolHandshake.java:114)
	at org.openqa.selenium.remote.ProtocolHandshake.createSession(ProtocolHandshake.java:75)
	at org.openqa.selenium.remote.ProtocolHandshake.createSession(ProtocolHandshake.java:61)
	at io.appium.java_client.remote.AppiumCommandExecutor.createSession(AppiumCommandExecutor.java:178)
	at io.appium.java_client.remote.AppiumCommandExecutor.execute(AppiumCommandExecutor.java:243)
	at org.openqa.selenium.remote.RemoteWebDriver.execute(RemoteWebDriver.java:561)
	at io.appium.java_client.AppiumDriver.startSession(AppiumDriver.java:308)
	at org.openqa.selenium.remote.RemoteWebDriver.&lt;init&gt;(RemoteWebDriver.java:178)
	at io.appium.java_client.AppiumDriver.&lt;init&gt;(AppiumDriver.java:98)
	at io.appium.java_client.AppiumDriver.&lt;init&gt;(AppiumDriver.java:109)
	at io.appium.java_client.android.AndroidDriver.&lt;init&gt;(AndroidDriver.java:108)
	at com.paypilot.qa.basetest.BaseTest.setup(BaseTest.java:45)
	... 30 more
... Removed 29 stack frames</div></td></tr></table><p class="totop"><a href="#summary">back to summary</a></p>
</body>
</html>
