<?xml version="1.0" encoding="UTF-8"?>
<testsuite xmlns:xsi="http://www.w3.org/2001/XMLSchema-instance" xsi:noNamespaceSchemaLocation="https://maven.apache.org/surefire/maven-surefire-plugin/xsd/surefire-test-report-3.0.xsd" version="3.0" name="com.paypilot.qa.tests.PaymentTest" time="26.558" tests="1" errors="0" skipped="0" failures="0">
  <properties>
[...]
</properties>
  <testcase name="performE2EPaymentTest" classname="com.paypilot.qa.tests.PaymentTest" time="4.533">
    <system-out><![CDATA[--- Iniciando configuración de Appium en @BeforeClass ---
Intentando conectar con el servidor de Appium y crear el driver...
¡Driver de Appium creado exitosamente!
--- Ejecutando el método @Test ---
Rellenando el formulario de pago...
Haciendo clic en 'Pagar Ahora'...
--- ¡Método @Test completado! ---
]]></system-out>
  </testcase>
</testsuite>